<?xml version="1.0" encoding="UTF-8"?>
<!-- Generated by org.testng.reporters.JUnitXMLReporter -->
<testsuite hostname="nitin" ignored="2" name="Default test" tests="1" failures="0" timestamp="05 Jan 2020 10:52:42 GMT" time="14.44" errors="0">
  <testcase name="homoSearch" time="14.179" classname="io.restassured.test.RestAPITest.TC_001_GetGoogleMap_API_Test"/>
  <testcase name="getPlaceAPI" time="0.0" classname="io.restassured.test.RestAPITest.TC_001_GetGoogleMap_API_Test">
    <ignored/>
  </testcase> <!-- getPlaceAPI -->
  <testcase name="searchWeather" time="0.0" classname="io.restassured.test.RestAPITest.TC_001_GetGoogleMap_API_Test">
    <ignored/>
  </testcase> <!-- searchWeather -->
</testsuite> <!-- Default test -->
