<?xml version="1.0" encoding="UTF-8"?>
<!-- Generated by org.testng.reporters.JUnitXMLReporter -->
<testsuite hostname="nitin" ignored="1" name="Default test" tests="1" failures="0" timestamp="08 Feb 2020 11:50:34 GMT" time="11.977" errors="0">
  <testcase name="user" time="11.889" classname="io.restassured.test.RestAPITest.TC_002_PostRequest"/>
  <testcase name="custRegister" time="0.0" classname="io.restassured.test.RestAPITest.TC_002_PostRequest">
    <ignored/>
  </testcase> <!-- custRegister -->
</testsuite> <!-- Default test -->
