<?xml version="1.0" encoding="UTF-8"?>
<testng-results skipped="0" failed="0" ignored="1" total="2" passed="1">
  <reporter-output>
  </reporter-output>
  <suite name="Default suite" duration-ms="11977" started-at="2020-02-08T11:50:22Z" finished-at="2020-02-08T11:50:34Z">
    <groups>
    </groups>
    <test name="Default test" duration-ms="11977" started-at="2020-02-08T11:50:22Z" finished-at="2020-02-08T11:50:34Z">
      <class name="io.restassured.test.RestAPITest.TC_002_PostRequest">
        <test-method status="PASS" signature="user()[pri:0, instance:io.restassured.test.RestAPITest.TC_002_PostRequest@4f933fd1]" name="user" duration-ms="11889" started-at="2020-02-08T17:20:22Z" finished-at="2020-02-08T17:20:34Z">
          <reporter-output>
          </reporter-output>
        </test-method> <!-- user -->
      </class> <!-- io.restassured.test.RestAPITest.TC_002_PostRequest -->
    </test> <!-- Default test -->
  </suite> <!-- Default suite -->
</testng-results>
